<?xml version="1.0" encoding="UTF-8"?>
<!-- Generated by org.testng.reporters.JUnitXMLReporter -->
<testsuite hostname="U5-DPE-CPB-0217" ignored="0" name="Android Test2" tests="4" failures="0" timestamp="11 Oct 2018 10:31:07 GMT" time="95.323" errors="0">
  <testcase name="@BeforeClass deviceSetUp" time="95.155" classname="com.electrolux.tests.LoginTestAnrdroid">
    <failure type="org.openqa.selenium.TimeoutException" message="Expected condition failed: waiting for visibility of element located by By.xpath: //android.view.View[@content-desc=&amp;quot;CONTINUE&amp;quot;] (tried for 10 second(s) with 500 milliseconds interval)">
      <![CDATA[org.openqa.selenium.TimeoutException: Expected condition failed: waiting for visibility of element located by By.xpath: //android.view.View[@content-desc="CONTINUE"] (tried for 10 second(s) with 500 milliseconds interval)
at org.openqa.selenium.support.ui.WebDriverWait.timeoutException(WebDriverWait.java:113)
at org.openqa.selenium.support.ui.FluentWait.until(FluentWait.java:283)
at com.electrolux.tests.LoginTestAnrdroid.deviceSetUp(LoginTestAnrdroid.java:76)
at java.util.concurrent.FutureTask.run(FutureTask.java:266)
at java.util.concurrent.ThreadPoolExecutor.runWorker(ThreadPoolExecutor.java:1142)
at java.util.concurrent.ThreadPoolExecutor$Worker.run(ThreadPoolExecutor.java:617)
at java.lang.Thread.run(Thread.java:745)
Caused by: org.openqa.selenium.NoSuchElementException: Cannot locate an element using By.xpath: //android.view.View[@content-desc="CONTINUE"]
For documentation on this error, please visit: http://seleniumhq.org/exceptions/no_such_element.html
Build info: version: '3.14.0', revision: 'aacccce0', time: '2018-08-02T20:19:58.91Z'
System info: host: 'U5-DPE-CPB-0217', ip: '192.168.56.1', os.name: 'Windows 10', os.arch: 'amd64', os.version: '10.0', java.version: '1.8.0_91'
Driver info: driver.version: unknown
at org.openqa.selenium.support.ui.ExpectedConditions.lambda$findElement$0(ExpectedConditions.java:896)
at java.util.Optional.orElseThrow(Optional.java:290)
at org.openqa.selenium.support.ui.ExpectedConditions.findElement(ExpectedConditions.java:895)
at org.openqa.selenium.support.ui.ExpectedConditions.access$000(ExpectedConditions.java:44)
at org.openqa.selenium.support.ui.ExpectedConditions$7.apply(ExpectedConditions.java:206)
at org.openqa.selenium.support.ui.ExpectedConditions$7.apply(ExpectedConditions.java:202)
at org.openqa.selenium.support.ui.FluentWait.until(FluentWait.java:260)
... 22 more
... Removed 17 stack frames]]>
    </failure>
  </testcase> <!-- @BeforeClass deviceSetUp -->
  <testcase name="message_displayed_Login_Successfully" time="0.0" classname="com.electrolux.tests.LoginTestAnrdroid">
    <skipped/>
  </testcase> <!-- message_displayed_Login_Successfully -->
  <testcase name="user_Navigate_to_LogIn_Page" time="0.0" classname="com.electrolux.tests.LoginTestAnrdroid">
    <skipped/>
  </testcase> <!-- user_Navigate_to_LogIn_Page -->
  <testcase name="user_enters_UserName_and_Password" time="0.0" classname="com.electrolux.tests.LoginTestAnrdroid">
    <skipped/>
  </testcase> <!-- user_enters_UserName_and_Password -->
  <testcase name="user_is_on_Home_Page" time="0.0" classname="com.electrolux.tests.LoginTestAnrdroid">
    <skipped/>
  </testcase> <!-- user_is_on_Home_Page -->
</testsuite> <!-- Android Test2 -->
